mode: set
_/home/elton/Programming/go/TODO-Fullstack-App-Go-Gin-Postgres-React/backend/api/api.go:25.22,28.16 2 1
_/home/elton/Programming/go/TODO-Fullstack-App-Go-Gin-Postgres-React/backend/api/api.go:33.2,33.33 1 1
_/home/elton/Programming/go/TODO-Fullstack-App-Go-Gin-Postgres-React/backend/api/api.go:38.2,38.38 1 1
_/home/elton/Programming/go/TODO-Fullstack-App-Go-Gin-Postgres-React/backend/api/api.go:28.16,31.3 1 0
_/home/elton/Programming/go/TODO-Fullstack-App-Go-Gin-Postgres-React/backend/api/api.go:33.33,36.3 1 0
_/home/elton/Programming/go/TODO-Fullstack-App-Go-Gin-Postgres-React/backend/api/api.go:44.32,47.16 2 1
_/home/elton/Programming/go/TODO-Fullstack-App-Go-Gin-Postgres-React/backend/api/api.go:53.2,57.18 3 1
_/home/elton/Programming/go/TODO-Fullstack-App-Go-Gin-Postgres-React/backend/api/api.go:70.2,72.46 3 1
_/home/elton/Programming/go/TODO-Fullstack-App-Go-Gin-Postgres-React/backend/api/api.go:47.16,51.3 2 0
_/home/elton/Programming/go/TODO-Fullstack-App-Go-Gin-Postgres-React/backend/api/api.go:57.18,60.69 2 1
_/home/elton/Programming/go/TODO-Fullstack-App-Go-Gin-Postgres-React/backend/api/api.go:65.3,66.30 2 1
_/home/elton/Programming/go/TODO-Fullstack-App-Go-Gin-Postgres-React/backend/api/api.go:60.69,64.4 2 0
_/home/elton/Programming/go/TODO-Fullstack-App-Go-Gin-Postgres-React/backend/api/api.go:76.37,80.20 2 1
_/home/elton/Programming/go/TODO-Fullstack-App-Go-Gin-Postgres-React/backend/api/api.go:80.20,82.3 1 0
_/home/elton/Programming/go/TODO-Fullstack-App-Go-Gin-Postgres-React/backend/api/api.go:82.8,91.17 5 1
_/home/elton/Programming/go/TODO-Fullstack-App-Go-Gin-Postgres-React/backend/api/api.go:98.3,103.51 4 1
_/home/elton/Programming/go/TODO-Fullstack-App-Go-Gin-Postgres-React/backend/api/api.go:91.17,95.4 2 0
_/home/elton/Programming/go/TODO-Fullstack-App-Go-Gin-Postgres-React/backend/api/api.go:108.37,113.18 3 1
_/home/elton/Programming/go/TODO-Fullstack-App-Go-Gin-Postgres-React/backend/api/api.go:113.18,115.3 1 0
_/home/elton/Programming/go/TODO-Fullstack-App-Go-Gin-Postgres-React/backend/api/api.go:115.8,115.27 1 1
_/home/elton/Programming/go/TODO-Fullstack-App-Go-Gin-Postgres-React/backend/api/api.go:115.27,117.3 1 0
_/home/elton/Programming/go/TODO-Fullstack-App-Go-Gin-Postgres-React/backend/api/api.go:117.8,121.41 3 1
_/home/elton/Programming/go/TODO-Fullstack-App-Go-Gin-Postgres-React/backend/api/api.go:121.41,124.4 2 1
_/home/elton/Programming/go/TODO-Fullstack-App-Go-Gin-Postgres-React/backend/api/api.go:124.9,126.18 2 1
_/home/elton/Programming/go/TODO-Fullstack-App-Go-Gin-Postgres-React/backend/api/api.go:132.4,137.89 4 1
_/home/elton/Programming/go/TODO-Fullstack-App-Go-Gin-Postgres-React/backend/api/api.go:126.18,129.5 2 0
_/home/elton/Programming/go/TODO-Fullstack-App-Go-Gin-Postgres-React/backend/api/api.go:143.37,147.18 2 1
_/home/elton/Programming/go/TODO-Fullstack-App-Go-Gin-Postgres-React/backend/api/api.go:147.18,149.3 1 0
_/home/elton/Programming/go/TODO-Fullstack-App-Go-Gin-Postgres-React/backend/api/api.go:149.8,153.41 3 1
_/home/elton/Programming/go/TODO-Fullstack-App-Go-Gin-Postgres-React/backend/api/api.go:153.41,156.4 2 1
_/home/elton/Programming/go/TODO-Fullstack-App-Go-Gin-Postgres-React/backend/api/api.go:156.9,158.18 2 1
_/home/elton/Programming/go/TODO-Fullstack-App-Go-Gin-Postgres-React/backend/api/api.go:164.4,169.89 4 1
_/home/elton/Programming/go/TODO-Fullstack-App-Go-Gin-Postgres-React/backend/api/api.go:158.18,161.5 2 0
